<?xml version="1.0" encoding="UTF-8"?>
<!-- Generated by org.testng.reporters.JUnitXMLReporter -->
<testsuite hostname="avinash-PC" ignored="0" name="Default test(failed)" tests="1" failures="1" timestamp="01 Apr 2020 10:29:59 GMT" time="0.173" errors="0">
  <testcase name="verifymainHeader_Display" time="0.081" classname="com.goibibo.tests.CheckheaderBoxMenu_Conent">
    <failure type="java.lang.NullPointerException">
      <![CDATA[java.lang.NullPointerException
at com.goibibo.keywords.Keywords.clickOnMainheader(Keywords.java:51)
at com.goibibo.tests.CheckheaderBoxMenu_Conent.verifymainHeader_Display(CheckheaderBoxMenu_Conent.java:12)
... Removed 25 stack frames]]>
    </failure>
  </testcase> <!-- verifymainHeader_Display -->
</testsuite> <!-- Default test(failed) -->
